  VisibilityGraphPathPlanningComp.cpp
c:\opros_2015\worskpace_170904\visibilitygraphpathplanningcomp\visibilitygraphpathplanningcomp.cpp(73): warning C4244: '=': 'double'에서 'int'(으)로 변환하면서 데이터가 손실될 수 있습니다.
c:\opros_2015\worskpace_170904\visibilitygraphpathplanningcomp\visibilitygraphpathplanningcomp.cpp(74): warning C4244: '=': 'double'에서 'int'(으)로 변환하면서 데이터가 손실될 수 있습니다.
c:\opros_2015\worskpace_170904\visibilitygraphpathplanningcomp\visibilitygraphpathplanningcomp.cpp(75): warning C4244: '=': 'double'에서 'int'(으)로 변환하면서 데이터가 손실될 수 있습니다.
c:\opros_2015\worskpace_170904\visibilitygraphpathplanningcomp\visibilitygraphpathplanningcomp.cpp(76): warning C4244: '=': 'double'에서 'int'(으)로 변환하면서 데이터가 손실될 수 있습니다.
c:\opros_2015\worskpace_170904\visibilitygraphpathplanningcomp\visibilitygraphpathplanningcomp.cpp(118): warning C4244: '=': 'double'에서 'int'(으)로 변환하면서 데이터가 손실될 수 있습니다.
c:\opros_2015\worskpace_170904\visibilitygraphpathplanningcomp\visibilitygraphpathplanningcomp.cpp(119): warning C4244: '=': 'double'에서 'int'(으)로 변환하면서 데이터가 손실될 수 있습니다.
c:\opros_2015\worskpace_170904\visibilitygraphpathplanningcomp\visibilitygraphpathplanningcomp.cpp(347): warning C4244: '초기화 중': 'double'에서 'int'(으)로 변환하면서 데이터가 손실될 수 있습니다.
c:\opros_2015\worskpace_170904\visibilitygraphpathplanningcomp\visibilitygraphpathplanningcomp.cpp(382): warning C4244: '초기화 중': 'double'에서 'int'(으)로 변환하면서 데이터가 손실될 수 있습니다.
VisibilityGraphPathPlanningComp.obj : warning LNK4075: '/EDITANDCONTINUE'이(가) '/SAFESEH' 사양으로 인해 무시됩니다.
     C:\OPRoS_2015\worskpace_170904\VisibilityGraphPathPlanningComp\Debug\VisibilityGraphPathPlanningComp.lib 라이브러리 및 C:\OPRoS_2015\worskpace_170904\VisibilityGraphPathPlanningComp\Debug\VisibilityGraphPathPlanningComp.exp 개체를 생성하고 있습니다.
OPRoSCDLD.lib(Component.obj) : warning LNK4099: 'OPRoSCDL.pdb' PDB를 'OPRoSCDLD.lib(Component.obj)' 또는 'C:\OPRoS_2015\worskpace_170904\VisibilityGraphPathPlanningComp\Debug\OPRoSCDL.pdb'에서 찾을 수 없습니다. 디버그 정보가 없는 것처럼 개체를 링크합니다.
OPRoSCDLD.lib(LifecycleInterface.obj) : warning LNK4099: 'OPRoSCDL.pdb' PDB를 'OPRoSCDLD.lib(LifecycleInterface.obj)' 또는 'C:\OPRoS_2015\worskpace_170904\VisibilityGraphPathPlanningComp\Debug\OPRoSCDL.pdb'에서 찾을 수 없습니다. 디버그 정보가 없는 것처럼 개체를 링크합니다.
OPRoSCDLD.lib(Method.obj) : warning LNK4099: 'OPRoSCDL.pdb' PDB를 'OPRoSCDLD.lib(Method.obj)' 또는 'C:\OPRoS_2015\worskpace_170904\VisibilityGraphPathPlanningComp\Debug\OPRoSCDL.pdb'에서 찾을 수 없습니다. 디버그 정보가 없는 것처럼 개체를 링크합니다.
OPRoSCDLD.lib(OPRoSUtility.obj) : warning LNK4099: 'OPRoSCDL.pdb' PDB를 'OPRoSCDLD.lib(OPRoSUtility.obj)' 또는 'C:\OPRoS_2015\worskpace_170904\VisibilityGraphPathPlanningComp\Debug\OPRoSCDL.pdb'에서 찾을 수 없습니다. 디버그 정보가 없는 것처럼 개체를 링크합니다.
OPRoSCDLD.lib(Port.obj) : warning LNK4099: 'OPRoSCDL.pdb' PDB를 'OPRoSCDLD.lib(Port.obj)' 또는 'C:\OPRoS_2015\worskpace_170904\VisibilityGraphPathPlanningComp\Debug\OPRoSCDL.pdb'에서 찾을 수 없습니다. 디버그 정보가 없는 것처럼 개체를 링크합니다.
OPRoSCDLD.lib(PortInterface.obj) : warning LNK4099: 'OPRoSCDL.pdb' PDB를 'OPRoSCDLD.lib(PortInterface.obj)' 또는 'C:\OPRoS_2015\worskpace_170904\VisibilityGraphPathPlanningComp\Debug\OPRoSCDL.pdb'에서 찾을 수 없습니다. 디버그 정보가 없는 것처럼 개체를 링크합니다.
OPRoSCDLD.lib(PropertyInterface.obj) : warning LNK4099: 'OPRoSCDL.pdb' PDB를 'OPRoSCDLD.lib(PropertyInterface.obj)' 또는 'C:\OPRoS_2015\worskpace_170904\VisibilityGraphPathPlanningComp\Debug\OPRoSCDL.pdb'에서 찾을 수 없습니다. 디버그 정보가 없는 것처럼 개체를 링크합니다.
OPRoSCDLD.lib(ProvidedServicePort.obj) : warning LNK4099: 'OPRoSCDL.pdb' PDB를 'OPRoSCDLD.lib(ProvidedServicePort.obj)' 또는 'C:\OPRoS_2015\worskpace_170904\VisibilityGraphPathPlanningComp\Debug\OPRoSCDL.pdb'에서 찾을 수 없습니다. 디버그 정보가 없는 것처럼 개체를 링크합니다.
OPRoSCDLD.lib(RequiredServicePort.obj) : warning LNK4099: 'OPRoSCDL.pdb' PDB를 'OPRoSCDLD.lib(RequiredServicePort.obj)' 또는 'C:\OPRoS_2015\worskpace_170904\VisibilityGraphPathPlanningComp\Debug\OPRoSCDL.pdb'에서 찾을 수 없습니다. 디버그 정보가 없는 것처럼 개체를 링크합니다.
OPRoSCDLD.lib(ServicePort.obj) : warning LNK4099: 'OPRoSCDL.pdb' PDB를 'OPRoSCDLD.lib(ServicePort.obj)' 또는 'C:\OPRoS_2015\worskpace_170904\VisibilityGraphPathPlanningComp\Debug\OPRoSCDL.pdb'에서 찾을 수 없습니다. 디버그 정보가 없는 것처럼 개체를 링크합니다.
OPRoSCDLD.lib(ServicePortInterface.obj) : warning LNK4099: 'OPRoSCDL.pdb' PDB를 'OPRoSCDLD.lib(ServicePortInterface.obj)' 또는 'C:\OPRoS_2015\worskpace_170904\VisibilityGraphPathPlanningComp\Debug\OPRoSCDL.pdb'에서 찾을 수 없습니다. 디버그 정보가 없는 것처럼 개체를 링크합니다.
OPRoSCDLD.lib(opros_archive_common.obj) : warning LNK4099: 'OPRoSCDL.pdb' PDB를 'OPRoSCDLD.lib(opros_archive_common.obj)' 또는 'C:\OPRoS_2015\worskpace_170904\VisibilityGraphPathPlanningComp\Debug\OPRoSCDL.pdb'에서 찾을 수 없습니다. 디버그 정보가 없는 것처럼 개체를 링크합니다.
OPRoSCDLD.lib(opros_iarchive.obj) : warning LNK4099: 'OPRoSCDL.pdb' PDB를 'OPRoSCDLD.lib(opros_iarchive.obj)' 또는 'C:\OPRoS_2015\worskpace_170904\VisibilityGraphPathPlanningComp\Debug\OPRoSCDL.pdb'에서 찾을 수 없습니다. 디버그 정보가 없는 것처럼 개체를 링크합니다.
OPRoSCDLD.lib(opros_oarchive.obj) : warning LNK4099: 'OPRoSCDL.pdb' PDB를 'OPRoSCDLD.lib(opros_oarchive.obj)' 또는 'C:\OPRoS_2015\worskpace_170904\VisibilityGraphPathPlanningComp\Debug\OPRoSCDL.pdb'에서 찾을 수 없습니다. 디버그 정보가 없는 것처럼 개체를 링크합니다.
  VisibilityGraphPathPlanningComp.vcxproj -> C:\OPRoS_2015\worskpace_170904\VisibilityGraphPathPlanningComp\Debug\VisibilityGraphPathPlanningComp.dll
  VisibilityGraphPathPlanningComp.vcxproj -> C:\OPRoS_2015\worskpace_170904\VisibilityGraphPathPlanningComp\Debug\VisibilityGraphPathPlanningComp.pdb (Full PDB)
